<?xml version="1.0" encoding="UTF-8"?>
<!-- Generated by org.testng.reporters.JUnitXMLReporter -->
<testsuite ignored="0" hostname="mohanethras-MacBook-Pro.local" failures="0" tests="3" name="Login and Clockin Flow" time="66.064" errors="0" timestamp="16 Apr 2025 05:52:34 GMT">
  <testcase classname="pageobjects.NewTest" name="correctLogin" time="5.31"/>
  <testcase classname="pageobjects.NewTest" name="wronglogin" time="5.333"/>
  <testcase classname="pageobjects.NewTest" name="clockin" time="45.758"/>
</testsuite> <!-- Login and Clockin Flow -->
