<?xml version="1.0" encoding="UTF-8"?>
<!-- Generated by org.testng.reporters.JUnitXMLReporter -->
<testsuite ignored="2" hostname="mohanethras-MBP" failures="0" tests="1" name="Default test" time="13.038" errors="0" timestamp="26 Apr 2025 10:56:45 GMT">
  <testcase classname="pageobjects.NewTest" name="correctLogin" time="5.315"/>
  <testcase classname="pageobjects.NewTest" name="clockin" time="0.0">
    <ignored/>
  </testcase> <!-- clockin -->
  <testcase classname="pageobjects.NewTest" name="wronglogin" time="0.0">
    <ignored/>
  </testcase> <!-- wronglogin -->
</testsuite> <!-- Default test -->
