<?xml version="1.0" encoding="UTF-8"?>
<!-- Generated by org.testng.reporters.JUnitXMLReporter -->
<testsuite ignored="0" hostname="mohanethras-MacBook-Pro.local" failures="0" tests="3" name="Default test" time="66.186" errors="0" timestamp="16 Apr 2025 05:22:28 GMT">
  <testcase classname="pageobjects.NewTest" name="clockin" time="45.766"/>
  <testcase classname="pageobjects.NewTest" name="correctLogin" time="5.22"/>
  <testcase classname="pageobjects.NewTest" name="wronglogin" time="5.246"/>
</testsuite> <!-- Default test -->
