<?xml version="1.0" encoding="UTF-8"?>
<!-- Generated by org.testng.reporters.JUnitXMLReporter -->
<testsuite ignored="0" hostname="mohanethras-MacBook-Pro.local" failures="0" tests="3" name="correctLogin" time="67.142" errors="0" timestamp="16 Apr 2025 05:45:23 GMT">
  <testcase classname="pageobjects.NewTest" name="clockin" time="45.768"/>
  <testcase classname="pageobjects.NewTest" name="correctLogin" time="5.303"/>
  <testcase classname="pageobjects.NewTest" name="wronglogin" time="5.341"/>
</testsuite> <!-- correctLogin -->
