<?xml version="1.0" encoding="UTF-8"?>
<testng-results ignored="0" total="3" passed="3" failed="0" skipped="0">
  <reporter-output>
  </reporter-output>
  <suite started-at="2025-04-16T05:51:28Z" name="Ordered Test Suite" finished-at="2025-04-16T05:52:34Z" duration-ms="66064">
    <groups>
    </groups>
    <test started-at="2025-04-16T05:51:28Z" name="Login and Clockin Flow" finished-at="2025-04-16T05:52:34Z" duration-ms="66064">
      <class name="pageobjects.NewTest">
        <test-method is-config="true" signature="setup()[pri:0, instance:pageobjects.NewTest@7c137fd5]" started-at="2025-04-16T05:51:28Z" name="setup" finished-at="2025-04-16T05:51:31Z" duration-ms="3352" status="PASS">
          <reporter-output>
          </reporter-output>
        </test-method> <!-- setup -->
        <test-method signature="correctLogin()[pri:0, instance:pageobjects.NewTest@7c137fd5]" started-at="2025-04-16T05:51:31Z" name="correctLogin" finished-at="2025-04-16T05:51:36Z" duration-ms="5310" status="PASS">
          <reporter-output>
          </reporter-output>
        </test-method> <!-- correctLogin -->
        <test-method is-config="true" signature="closebrowser()[pri:0, instance:pageobjects.NewTest@7c137fd5]" started-at="2025-04-16T05:51:36Z" name="closebrowser" finished-at="2025-04-16T05:51:36Z" duration-ms="108" status="PASS">
          <reporter-output>
          </reporter-output>
        </test-method> <!-- closebrowser -->
        <test-method is-config="true" signature="setup()[pri:0, instance:pageobjects.NewTest@7c137fd5]" started-at="2025-04-16T05:51:36Z" name="setup" finished-at="2025-04-16T05:51:40Z" duration-ms="3182" status="PASS">
          <reporter-output>
          </reporter-output>
        </test-method> <!-- setup -->
        <test-method signature="wronglogin()[pri:0, instance:pageobjects.NewTest@7c137fd5]" started-at="2025-04-16T05:51:40Z" name="wronglogin" finished-at="2025-04-16T05:51:45Z" duration-ms="5333" status="PASS">
          <reporter-output>
          </reporter-output>
        </test-method> <!-- wronglogin -->
        <test-method is-config="true" signature="closebrowser()[pri:0, instance:pageobjects.NewTest@7c137fd5]" started-at="2025-04-16T05:51:45Z" name="closebrowser" finished-at="2025-04-16T05:51:45Z" duration-ms="97" status="PASS">
          <reporter-output>
          </reporter-output>
        </test-method> <!-- closebrowser -->
        <test-method is-config="true" signature="setup()[pri:0, instance:pageobjects.NewTest@7c137fd5]" started-at="2025-04-16T05:51:45Z" name="setup" finished-at="2025-04-16T05:51:48Z" duration-ms="2798" status="PASS">
          <reporter-output>
          </reporter-output>
        </test-method> <!-- setup -->
        <test-method signature="clockin()[pri:0, instance:pageobjects.NewTest@7c137fd5]" started-at="2025-04-16T05:51:48Z" name="clockin" finished-at="2025-04-16T05:52:33Z" duration-ms="45758" status="PASS">
          <reporter-output>
          </reporter-output>
        </test-method> <!-- clockin -->
        <test-method is-config="true" signature="closebrowser()[pri:0, instance:pageobjects.NewTest@7c137fd5]" started-at="2025-04-16T05:52:34Z" name="closebrowser" finished-at="2025-04-16T05:52:34Z" duration-ms="109" status="PASS">
          <reporter-output>
          </reporter-output>
        </test-method> <!-- closebrowser -->
      </class> <!-- pageobjects.NewTest -->
    </test> <!-- Login and Clockin Flow -->
  </suite> <!-- Ordered Test Suite -->
</testng-results>
