<?xml version="1.0" encoding="UTF-8"?>
<testng-results ignored="2" total="3" passed="1" failed="0" skipped="0">
  <reporter-output>
  </reporter-output>
  <suite started-at="2025-04-26T10:56:32Z" name="Default suite" finished-at="2025-04-26T10:56:45Z" duration-ms="13038">
    <groups>
    </groups>
    <test started-at="2025-04-26T10:56:32Z" name="Default test" finished-at="2025-04-26T10:56:45Z" duration-ms="13038">
      <class name="pageobjects.NewTest">
        <test-method is-config="true" signature="setup()[pri:0, instance:pageobjects.NewTest@68702e03]" started-at="2025-04-26T10:56:32Z" name="setup" finished-at="2025-04-26T10:56:40Z" duration-ms="7591" status="PASS">
          <reporter-output>
          </reporter-output>
        </test-method> <!-- setup -->
        <test-method signature="correctLogin()[pri:0, instance:pageobjects.NewTest@68702e03]" started-at="2025-04-26T10:56:40Z" name="correctLogin" finished-at="2025-04-26T10:56:45Z" duration-ms="5315" status="PASS">
          <reporter-output>
          </reporter-output>
        </test-method> <!-- correctLogin -->
        <test-method is-config="true" signature="closebrowser()[pri:0, instance:pageobjects.NewTest@68702e03]" started-at="2025-04-26T10:56:45Z" name="closebrowser" finished-at="2025-04-26T10:56:45Z" duration-ms="111" status="PASS">
          <reporter-output>
          </reporter-output>
        </test-method> <!-- closebrowser -->
      </class> <!-- pageobjects.NewTest -->
    </test> <!-- Default test -->
  </suite> <!-- Default suite -->
</testng-results>
